<?xml version="1.0" encoding="UTF-8"?>
<!-- Generated by org.testng.reporters.JUnitXMLReporter -->
<testsuite ignored="3" hostname="DESKTOP-QAMDQO9" failures="0" tests="1" name="Default test" time="0.171" errors="0" timestamp="2023-02-21T00:59:18 EST">
  <testcase classname="tdd.AmeriHealth.Practice.UnitTests" name="folderOps" time="0.029"/>
  <testcase classname="tdd.AmeriHealth.Practice.UnitTests" name="unitTestAutoDataZeroLenght" time="0.0">
    <ignored/>
  </testcase> <!-- unitTestAutoDataZeroLenght -->
  <testcase classname="tdd.AmeriHealth.Practice.UnitTests" name="unitTestAutoDataNull" time="0.0">
    <ignored/>
  </testcase> <!-- unitTestAutoDataNull -->
  <testcase classname="tdd.AmeriHealth.Practice.UnitTests" name="system_getPropertyTest" time="0.0">
    <ignored/>
  </testcase> <!-- system_getPropertyTest -->
</testsuite> <!-- Default test -->
