<?xml version="1.0" encoding="UTF-8"?>
<!-- Generated by org.testng.reporters.JUnitXMLReporter -->
<testsuite ignored="4" hostname="DESKTOP-QAMDQO9" failures="0" tests="1" name="chrome" time="0.069" errors="0" timestamp="2023-02-20T13:27:22 EST">
  <testcase classname="tdd.AmeriHealth.base.BaseClass" name="@BeforeMethod setUpDriver" time="0.001">
    <failure type="java.lang.NullPointerException" message="Cannot invoke &amp;quot;tdd.AmeriHealth.Utils.ReadProperties.getProperty(String)&amp;quot; because &amp;quot;this.envV&amp;quot; is null">
      <![CDATA[java.lang.NullPointerException: Cannot invoke "tdd.AmeriHealth.Utils.ReadProperties.getProperty(String)" because "this.envV" is null
at tdd.AmeriHealth.base.BaseClass.setUpDriver(BaseClass.java:44)
at java.base/java.util.ArrayList.forEach(ArrayList.java:1511)
... Removed 31 stack frames]]>
    </failure>
  </testcase> <!-- @BeforeMethod setUpDriver -->
  <testcase classname="tdd.AmeriHealth.base.BaseClass" name="@AfterMethod tearup" time="0.0">
    <skipped/>
  </testcase> <!-- @AfterMethod tearup -->
  <testcase classname="tdd.AmeriHealth.Career.CareerPageTest" name="careerPageTest" time="0.0">
    <skipped/>
  </testcase> <!-- careerPageTest -->
  <testcase classname="tdd.AmeriHealth.Career.CareerPageTest" name="test2" time="0.0">
    <ignored/>
  </testcase> <!-- test2 -->
  <testcase classname="tdd.AmeriHealth.Career.CareerPageTest" name="testRetry" time="0.0">
    <ignored/>
  </testcase> <!-- testRetry -->
  <testcase classname="tdd.AmeriHealth.Career.CareerPageTest" name="test1" time="0.0">
    <ignored/>
  </testcase> <!-- test1 -->
  <testcase classname="tdd.AmeriHealth.Career.CareerPageTest" name="failedTestScenarios" time="0.0">
    <ignored/>
  </testcase> <!-- failedTestScenarios -->
</testsuite> <!-- chrome -->
