<?xml version="1.0" encoding="UTF-8"?>
<!-- Generated by org.testng.reporters.JUnitXMLReporter -->
<testsuite ignored="2" hostname="DESKTOP-QAMDQO9" failures="2" tests="5" name="chrome" time="47.906" errors="0" timestamp="2023-02-21T20:39:30 EST">
  <testcase classname="tdd.AmeriHealth.Career.CareerPageTest" name="careerPageTest" time="7.826"/>
  <testcase classname="tdd.AmeriHealth.Career.CareerPageTest" name="failedTestScenarios" time="0.008">
    <failure type="java.lang.AssertionError" message="null">
      <![CDATA[java.lang.AssertionError: null
at tdd.AmeriHealth.Career.CareerPageTest.failedTestScenarios(CareerPageTest.java:35)
at java.base/java.util.ArrayList.forEach(ArrayList.java:1511)
... Removed 29 stack frames]]>
    </failure>
  </testcase> <!-- failedTestScenarios -->
  <testcase classname="tdd.AmeriHealth.Career.CareerPageTest" name="testRetry" time="0.007">
    <skipped/>
  </testcase> <!-- testRetry -->
  <testcase classname="tdd.AmeriHealth.Career.CareerPageTest" name="testRetry" time="0.01">
    <skipped/>
  </testcase> <!-- testRetry -->
  <testcase classname="tdd.AmeriHealth.Career.CareerPageTest" name="testRetry" time="0.02">
    <failure type="java.lang.AssertionError" message="null">
      <![CDATA[java.lang.AssertionError: null
at tdd.AmeriHealth.Career.CareerPageTest.testRetry(CareerPageTest.java:41)
at java.base/java.util.ArrayList.forEach(ArrayList.java:1511)
... Removed 29 stack frames]]>
    </failure>
  </testcase> <!-- testRetry -->
  <testcase classname="tdd.AmeriHealth.Career.CareerPageTest" name="test1" time="0.0">
    <ignored/>
  </testcase> <!-- test1 -->
  <testcase classname="tdd.AmeriHealth.Career.CareerPageTest" name="test2" time="0.0">
    <ignored/>
  </testcase> <!-- test2 -->
</testsuite> <!-- chrome -->
