<?xml version="1.0" encoding="UTF-8"?>
<!-- Generated by org.testng.reporters.JUnitXMLReporter -->
<testsuite ignored="4" hostname="DESKTOP-QAMDQO9" failures="0" tests="1" name="edge" time="16.524" errors="0" timestamp="2023-03-12T23:21:51 EDT">
  <testcase classname="tdd.AmeriHealth.Career.CareerPageTest" name="careerPageTest" time="9.38"/>
  <testcase classname="tdd.AmeriHealth.Career.CareerPageTest" name="test2" time="0.0">
    <ignored/>
  </testcase> <!-- test2 -->
  <testcase classname="tdd.AmeriHealth.Career.CareerPageTest" name="failedTestScenarios" time="0.0">
    <ignored/>
  </testcase> <!-- failedTestScenarios -->
  <testcase classname="tdd.AmeriHealth.Career.CareerPageTest" name="test1" time="0.0">
    <ignored/>
  </testcase> <!-- test1 -->
  <testcase classname="tdd.AmeriHealth.Career.CareerPageTest" name="testRetry" time="0.0">
    <ignored/>
  </testcase> <!-- testRetry -->
</testsuite> <!-- edge -->
