<?xml version="1.0" encoding="UTF-8"?>
<!-- Generated by org.testng.reporters.JUnitXMLReporter -->
<testsuite ignored="2" hostname="DESKTOP-QAMDQO9" failures="0" tests="3" name="edge" time="0.043" errors="0" timestamp="2023-02-21T20:34:08 EST">
  <testcase classname="tdd.AmeriHealth.Career.CareerPageTest" name="careerPageTest" time="0.0">
    <skipped/>
  </testcase> <!-- careerPageTest -->
  <testcase classname="tdd.AmeriHealth.Career.CareerPageTest" name="failedTestScenarios" time="0.0">
    <skipped/>
  </testcase> <!-- failedTestScenarios -->
  <testcase classname="tdd.AmeriHealth.Career.CareerPageTest" name="testRetry" time="0.0">
    <skipped/>
  </testcase> <!-- testRetry -->
  <testcase classname="tdd.AmeriHealth.Career.CareerPageTest" name="test2" time="0.0">
    <ignored/>
  </testcase> <!-- test2 -->
  <testcase classname="tdd.AmeriHealth.Career.CareerPageTest" name="test1" time="0.0">
    <ignored/>
  </testcase> <!-- test1 -->
</testsuite> <!-- edge -->
