<?xml version="1.0" encoding="UTF-8"?>
<!-- Generated by org.testng.reporters.JUnitXMLReporter -->
<testsuite ignored="2" hostname="DESKTOP-QAMDQO9" failures="2" tests="5" name="Test" time="65.182" errors="0" timestamp="2023-02-21T01:15:45 EST">
  <testcase classname="tdd.AmeriHealth.Career.CareerPageTest" name="careerPageTest" time="32.855"/>
  <testcase classname="tdd.AmeriHealth.Career.CareerPageTest" name="failedTestScenarios" time="0.011">
    <failure type="java.lang.AssertionError" message="null">
      <![CDATA[java.lang.AssertionError: null
at tdd.AmeriHealth.Career.CareerPageTest.failedTestScenarios(CareerPageTest.java:41)
at java.base/java.util.ArrayList.forEach(ArrayList.java:1511)
... Removed 29 stack frames]]>
    </failure>
  </testcase> <!-- failedTestScenarios -->
  <testcase classname="tdd.AmeriHealth.Career.CareerPageTest" name="testRetry" time="0.009">
    <skipped/>
  </testcase> <!-- testRetry -->
  <testcase classname="tdd.AmeriHealth.Career.CareerPageTest" name="testRetry" time="0.007">
    <skipped/>
  </testcase> <!-- testRetry -->
  <testcase classname="tdd.AmeriHealth.Career.CareerPageTest" name="testRetry" time="0.003">
    <failure type="java.lang.AssertionError" message="null">
      <![CDATA[java.lang.AssertionError: null
at tdd.AmeriHealth.Career.CareerPageTest.testRetry(CareerPageTest.java:47)
at java.base/java.util.ArrayList.forEach(ArrayList.java:1511)
... Removed 29 stack frames]]>
    </failure>
  </testcase> <!-- testRetry -->
  <testcase classname="tdd.AmeriHealth.Career.CareerPageTest" name="test2" time="0.0">
    <ignored/>
  </testcase> <!-- test2 -->
  <testcase classname="tdd.AmeriHealth.Career.CareerPageTest" name="test1" time="0.0">
    <ignored/>
  </testcase> <!-- test1 -->
</testsuite> <!-- Test -->
